<?xml version="1.0" encoding="UTF-8"?>
<testsuite xmlns:xsi="http://www.w3.org/2001/XMLSchema-instance" xsi:noNamespaceSchemaLocation="https://maven.apache.org/surefire/maven-surefire-plugin/xsd/surefire-test-report.xsd" name="com.salk.lib.rabbitmq.spring.TulingvipRabbitmqSpringwithrabbitmqApplicationTests" time="0.378" tests="1" errors="1" skipped="0" failures="0">
  <properties>
    <property name="gopherProxySet" value="false"/>
    <property name="awt.toolkit" value="sun.lwawt.macosx.LWCToolkit"/>
    <property name="socksProxyHost" value="127.0.0.1"/>
    <property name="http.proxyHost" value="127.0.0.1"/>
    <property name="java.specification.version" value="1.8"/>
    <property name="file.encoding.pkg" value="sun.io"/>
    <property name="sun.cpu.isalist" value=""/>
    <property name="sun.jnu.encoding" value="UTF-8"/>
    <property name="java.class.path" value="/Users/salk/code/opensource/code-lib/rabbitmq/rabbitmq-spring/target/test-classes:/Users/salk/code/opensource/code-lib/rabbitmq/rabbitmq-spring/target/classes:/Users/salk/code/repository/org/springframework/boot/spring-boot-starter-web/2.5.6/spring-boot-starter-web-2.5.6.jar:/Users/salk/code/repository/org/springframework/boot/spring-boot-starter-json/2.5.6/spring-boot-starter-json-2.5.6.jar:/Users/salk/code/repository/com/fasterxml/jackson/core/jackson-databind/2.12.5/jackson-databind-2.12.5.jar:/Users/salk/code/repository/com/fasterxml/jackson/core/jackson-annotations/2.12.5/jackson-annotations-2.12.5.jar:/Users/salk/code/repository/com/fasterxml/jackson/core/jackson-core/2.12.5/jackson-core-2.12.5.jar:/Users/salk/code/repository/com/fasterxml/jackson/datatype/jackson-datatype-jdk8/2.12.5/jackson-datatype-jdk8-2.12.5.jar:/Users/salk/code/repository/com/fasterxml/jackson/datatype/jackson-datatype-jsr310/2.12.5/jackson-datatype-jsr310-2.12.5.jar:/Users/salk/code/repository/com/fasterxml/jackson/module/jackson-module-parameter-names/2.12.5/jackson-module-parameter-names-2.12.5.jar:/Users/salk/code/repository/org/springframework/boot/spring-boot-starter-tomcat/2.5.6/spring-boot-starter-tomcat-2.5.6.jar:/Users/salk/code/repository/org/apache/tomcat/embed/tomcat-embed-core/9.0.54/tomcat-embed-core-9.0.54.jar:/Users/salk/code/repository/org/apache/tomcat/embed/tomcat-embed-el/9.0.54/tomcat-embed-el-9.0.54.jar:/Users/salk/code/repository/org/apache/tomcat/embed/tomcat-embed-websocket/9.0.54/tomcat-embed-websocket-9.0.54.jar:/Users/salk/code/repository/org/springframework/spring-web/5.3.12/spring-web-5.3.12.jar:/Users/salk/code/repository/org/springframework/spring-beans/5.3.12/spring-beans-5.3.12.jar:/Users/salk/code/repository/org/springframework/spring-webmvc/5.3.12/spring-webmvc-5.3.12.jar:/Users/salk/code/repository/org/springframework/spring-aop/5.3.12/spring-aop-5.3.12.jar:/Users/salk/code/repository/org/springframework/spring-expression/5.3.12/spring-expression-5.3.12.jar:/Users/salk/code/repository/org/springframework/boot/spring-boot-starter-test/2.5.6/spring-boot-starter-test-2.5.6.jar:/Users/salk/code/repository/org/springframework/boot/spring-boot-test/2.5.6/spring-boot-test-2.5.6.jar:/Users/salk/code/repository/org/springframework/boot/spring-boot-test-autoconfigure/2.5.6/spring-boot-test-autoconfigure-2.5.6.jar:/Users/salk/code/repository/com/jayway/jsonpath/json-path/2.5.0/json-path-2.5.0.jar:/Users/salk/code/repository/net/minidev/json-smart/2.4.7/json-smart-2.4.7.jar:/Users/salk/code/repository/net/minidev/accessors-smart/2.4.7/accessors-smart-2.4.7.jar:/Users/salk/code/repository/org/ow2/asm/asm/9.1/asm-9.1.jar:/Users/salk/code/repository/org/slf4j/slf4j-api/1.7.32/slf4j-api-1.7.32.jar:/Users/salk/code/repository/jakarta/xml/bind/jakarta.xml.bind-api/2.3.3/jakarta.xml.bind-api-2.3.3.jar:/Users/salk/code/repository/jakarta/activation/jakarta.activation-api/1.2.2/jakarta.activation-api-1.2.2.jar:/Users/salk/code/repository/org/assertj/assertj-core/3.19.0/assertj-core-3.19.0.jar:/Users/salk/code/repository/org/hamcrest/hamcrest/2.2/hamcrest-2.2.jar:/Users/salk/code/repository/org/junit/jupiter/junit-jupiter/5.7.2/junit-jupiter-5.7.2.jar:/Users/salk/code/repository/org/junit/jupiter/junit-jupiter-api/5.7.2/junit-jupiter-api-5.7.2.jar:/Users/salk/code/repository/org/apiguardian/apiguardian-api/1.1.0/apiguardian-api-1.1.0.jar:/Users/salk/code/repository/org/opentest4j/opentest4j/1.2.0/opentest4j-1.2.0.jar:/Users/salk/code/repository/org/junit/platform/junit-platform-commons/1.7.2/junit-platform-commons-1.7.2.jar:/Users/salk/code/repository/org/junit/jupiter/junit-jupiter-params/5.7.2/junit-jupiter-params-5.7.2.jar:/Users/salk/code/repository/org/junit/jupiter/junit-jupiter-engine/5.7.2/junit-jupiter-engine-5.7.2.jar:/Users/salk/code/repository/org/junit/platform/junit-platform-engine/1.7.2/junit-platform-engine-1.7.2.jar:/Users/salk/code/repository/org/mockito/mockito-core/3.9.0/mockito-core-3.9.0.jar:/Users/salk/code/repository/net/bytebuddy/byte-buddy/1.10.22/byte-buddy-1.10.22.jar:/Users/salk/code/repository/net/bytebuddy/byte-buddy-agent/1.10.22/byte-buddy-agent-1.10.22.jar:/Users/salk/code/repository/org/objenesis/objenesis/3.2/objenesis-3.2.jar:/Users/salk/code/repository/org/mockito/mockito-junit-jupiter/3.9.0/mockito-junit-jupiter-3.9.0.jar:/Users/salk/code/repository/org/skyscreamer/jsonassert/1.5.0/jsonassert-1.5.0.jar:/Users/salk/code/repository/com/vaadin/external/google/android-json/0.0.20131108.vaadin1/android-json-0.0.20131108.vaadin1.jar:/Users/salk/code/repository/org/springframework/spring-core/5.3.12/spring-core-5.3.12.jar:/Users/salk/code/repository/org/springframework/spring-jcl/5.3.12/spring-jcl-5.3.12.jar:/Users/salk/code/repository/org/springframework/spring-test/5.3.12/spring-test-5.3.12.jar:/Users/salk/code/repository/org/xmlunit/xmlunit-core/2.8.3/xmlunit-core-2.8.3.jar:/Users/salk/code/repository/org/springframework/amqp/spring-rabbit/2.0.8.RELEASE/spring-rabbit-2.0.8.RELEASE.jar:/Users/salk/code/repository/org/springframework/amqp/spring-amqp/2.3.11/spring-amqp-2.3.11.jar:/Users/salk/code/repository/org/springframework/retry/spring-retry/1.3.1/spring-retry-1.3.1.jar:/Users/salk/code/repository/com/rabbitmq/amqp-client/5.12.0/amqp-client-5.12.0.jar:/Users/salk/code/repository/com/rabbitmq/http-client/2.0.1.RELEASE/http-client-2.0.1.RELEASE.jar:/Users/salk/code/repository/org/springframework/spring-webflux/5.3.12/spring-webflux-5.3.12.jar:/Users/salk/code/repository/io/projectreactor/reactor-core/3.4.11/reactor-core-3.4.11.jar:/Users/salk/code/repository/org/reactivestreams/reactive-streams/1.0.3/reactive-streams-1.0.3.jar:/Users/salk/code/repository/org/apache/httpcomponents/httpclient/4.5.13/httpclient-4.5.13.jar:/Users/salk/code/repository/org/apache/httpcomponents/httpcore/4.4.14/httpcore-4.4.14.jar:/Users/salk/code/repository/commons-codec/commons-codec/1.15/commons-codec-1.15.jar:/Users/salk/code/repository/io/projectreactor/ipc/reactor-netty/0.7.1.RELEASE/reactor-netty-0.7.1.RELEASE.jar:/Users/salk/code/repository/io/netty/netty-codec-http/4.1.69.Final/netty-codec-http-4.1.69.Final.jar:/Users/salk/code/repository/io/netty/netty-common/4.1.69.Final/netty-common-4.1.69.Final.jar:/Users/salk/code/repository/io/netty/netty-buffer/4.1.69.Final/netty-buffer-4.1.69.Final.jar:/Users/salk/code/repository/io/netty/netty-transport/4.1.69.Final/netty-transport-4.1.69.Final.jar:/Users/salk/code/repository/io/netty/netty-codec/4.1.69.Final/netty-codec-4.1.69.Final.jar:/Users/salk/code/repository/io/netty/netty-handler/4.1.69.Final/netty-handler-4.1.69.Final.jar:/Users/salk/code/repository/io/netty/netty-resolver/4.1.69.Final/netty-resolver-4.1.69.Final.jar:/Users/salk/code/repository/io/netty/netty-handler-proxy/4.1.69.Final/netty-handler-proxy-4.1.69.Final.jar:/Users/salk/code/repository/io/netty/netty-codec-socks/4.1.69.Final/netty-codec-socks-4.1.69.Final.jar:/Users/salk/code/repository/io/netty/netty-transport-native-epoll/4.1.69.Final/netty-transport-native-epoll-4.1.69.Final.jar:/Users/salk/code/repository/io/netty/netty-transport-native-unix-common/4.1.69.Final/netty-transport-native-unix-common-4.1.69.Final.jar:/Users/salk/code/repository/org/springframework/spring-context/5.3.12/spring-context-5.3.12.jar:/Users/salk/code/repository/org/springframework/spring-messaging/5.3.12/spring-messaging-5.3.12.jar:/Users/salk/code/repository/org/springframework/spring-tx/5.3.12/spring-tx-5.3.12.jar:/Users/salk/code/repository/junit/junit/4.12/junit-4.12.jar:/Users/salk/code/repository/org/hamcrest/hamcrest-core/2.2/hamcrest-core-2.2.jar:/Users/salk/code/repository/org/springframework/boot/spring-boot-starter/2.5.6/spring-boot-starter-2.5.6.jar:/Users/salk/code/repository/org/springframework/boot/spring-boot/2.5.6/spring-boot-2.5.6.jar:/Users/salk/code/repository/org/springframework/boot/spring-boot-autoconfigure/2.5.6/spring-boot-autoconfigure-2.5.6.jar:/Users/salk/code/repository/org/springframework/boot/spring-boot-starter-logging/2.5.6/spring-boot-starter-logging-2.5.6.jar:/Users/salk/code/repository/ch/qos/logback/logback-classic/1.2.6/logback-classic-1.2.6.jar:/Users/salk/code/repository/ch/qos/logback/logback-core/1.2.6/logback-core-1.2.6.jar:/Users/salk/code/repository/org/apache/logging/log4j/log4j-to-slf4j/2.14.1/log4j-to-slf4j-2.14.1.jar:/Users/salk/code/repository/org/apache/logging/log4j/log4j-api/2.14.1/log4j-api-2.14.1.jar:/Users/salk/code/repository/org/slf4j/jul-to-slf4j/1.7.32/jul-to-slf4j-1.7.32.jar:/Users/salk/code/repository/jakarta/annotation/jakarta.annotation-api/1.3.5/jakarta.annotation-api-1.3.5.jar:/Users/salk/code/repository/org/yaml/snakeyaml/1.28/snakeyaml-1.28.jar:/Users/salk/code/repository/org/projectlombok/lombok/1.18.4/lombok-1.18.4.jar:"/>
    <property name="https.proxyPort" value="8001"/>
    <property name="java.vm.vendor" value="Oracle Corporation"/>
    <property name="sun.arch.data.model" value="64"/>
    <property name="java.vendor.url" value="http://java.oracle.com/"/>
    <property name="user.timezone" value=""/>
    <property name="java.vm.specification.version" value="1.8"/>
    <property name="os.name" value="Mac OS X"/>
    <property name="user.country" value="CN"/>
    <property name="sun.java.launcher" value="SUN_STANDARD"/>
    <property name="sun.boot.library.path" value="/Library/Java/JavaVirtualMachines/jdk1.8.0_231.jdk/Contents/Home/jre/lib"/>
    <property name="sun.java.command" value="/Users/salk/code/opensource/code-lib/rabbitmq/rabbitmq-spring/target/surefire/surefirebooter7188904445073470361.jar /Users/salk/code/opensource/code-lib/rabbitmq/rabbitmq-spring/target/surefire 2022-09-05T13-46-54_583-jvmRun1 surefire822744928371390984tmp surefire_04829054395855791784tmp"/>
    <property name="surefire.test.class.path" value="/Users/salk/code/opensource/code-lib/rabbitmq/rabbitmq-spring/target/test-classes:/Users/salk/code/opensource/code-lib/rabbitmq/rabbitmq-spring/target/classes:/Users/salk/code/repository/org/springframework/boot/spring-boot-starter-web/2.5.6/spring-boot-starter-web-2.5.6.jar:/Users/salk/code/repository/org/springframework/boot/spring-boot-starter-json/2.5.6/spring-boot-starter-json-2.5.6.jar:/Users/salk/code/repository/com/fasterxml/jackson/core/jackson-databind/2.12.5/jackson-databind-2.12.5.jar:/Users/salk/code/repository/com/fasterxml/jackson/core/jackson-annotations/2.12.5/jackson-annotations-2.12.5.jar:/Users/salk/code/repository/com/fasterxml/jackson/core/jackson-core/2.12.5/jackson-core-2.12.5.jar:/Users/salk/code/repository/com/fasterxml/jackson/datatype/jackson-datatype-jdk8/2.12.5/jackson-datatype-jdk8-2.12.5.jar:/Users/salk/code/repository/com/fasterxml/jackson/datatype/jackson-datatype-jsr310/2.12.5/jackson-datatype-jsr310-2.12.5.jar:/Users/salk/code/repository/com/fasterxml/jackson/module/jackson-module-parameter-names/2.12.5/jackson-module-parameter-names-2.12.5.jar:/Users/salk/code/repository/org/springframework/boot/spring-boot-starter-tomcat/2.5.6/spring-boot-starter-tomcat-2.5.6.jar:/Users/salk/code/repository/org/apache/tomcat/embed/tomcat-embed-core/9.0.54/tomcat-embed-core-9.0.54.jar:/Users/salk/code/repository/org/apache/tomcat/embed/tomcat-embed-el/9.0.54/tomcat-embed-el-9.0.54.jar:/Users/salk/code/repository/org/apache/tomcat/embed/tomcat-embed-websocket/9.0.54/tomcat-embed-websocket-9.0.54.jar:/Users/salk/code/repository/org/springframework/spring-web/5.3.12/spring-web-5.3.12.jar:/Users/salk/code/repository/org/springframework/spring-beans/5.3.12/spring-beans-5.3.12.jar:/Users/salk/code/repository/org/springframework/spring-webmvc/5.3.12/spring-webmvc-5.3.12.jar:/Users/salk/code/repository/org/springframework/spring-aop/5.3.12/spring-aop-5.3.12.jar:/Users/salk/code/repository/org/springframework/spring-expression/5.3.12/spring-expression-5.3.12.jar:/Users/salk/code/repository/org/springframework/boot/spring-boot-starter-test/2.5.6/spring-boot-starter-test-2.5.6.jar:/Users/salk/code/repository/org/springframework/boot/spring-boot-test/2.5.6/spring-boot-test-2.5.6.jar:/Users/salk/code/repository/org/springframework/boot/spring-boot-test-autoconfigure/2.5.6/spring-boot-test-autoconfigure-2.5.6.jar:/Users/salk/code/repository/com/jayway/jsonpath/json-path/2.5.0/json-path-2.5.0.jar:/Users/salk/code/repository/net/minidev/json-smart/2.4.7/json-smart-2.4.7.jar:/Users/salk/code/repository/net/minidev/accessors-smart/2.4.7/accessors-smart-2.4.7.jar:/Users/salk/code/repository/org/ow2/asm/asm/9.1/asm-9.1.jar:/Users/salk/code/repository/org/slf4j/slf4j-api/1.7.32/slf4j-api-1.7.32.jar:/Users/salk/code/repository/jakarta/xml/bind/jakarta.xml.bind-api/2.3.3/jakarta.xml.bind-api-2.3.3.jar:/Users/salk/code/repository/jakarta/activation/jakarta.activation-api/1.2.2/jakarta.activation-api-1.2.2.jar:/Users/salk/code/repository/org/assertj/assertj-core/3.19.0/assertj-core-3.19.0.jar:/Users/salk/code/repository/org/hamcrest/hamcrest/2.2/hamcrest-2.2.jar:/Users/salk/code/repository/org/junit/jupiter/junit-jupiter/5.7.2/junit-jupiter-5.7.2.jar:/Users/salk/code/repository/org/junit/jupiter/junit-jupiter-api/5.7.2/junit-jupiter-api-5.7.2.jar:/Users/salk/code/repository/org/apiguardian/apiguardian-api/1.1.0/apiguardian-api-1.1.0.jar:/Users/salk/code/repository/org/opentest4j/opentest4j/1.2.0/opentest4j-1.2.0.jar:/Users/salk/code/repository/org/junit/platform/junit-platform-commons/1.7.2/junit-platform-commons-1.7.2.jar:/Users/salk/code/repository/org/junit/jupiter/junit-jupiter-params/5.7.2/junit-jupiter-params-5.7.2.jar:/Users/salk/code/repository/org/junit/jupiter/junit-jupiter-engine/5.7.2/junit-jupiter-engine-5.7.2.jar:/Users/salk/code/repository/org/junit/platform/junit-platform-engine/1.7.2/junit-platform-engine-1.7.2.jar:/Users/salk/code/repository/org/mockito/mockito-core/3.9.0/mockito-core-3.9.0.jar:/Users/salk/code/repository/net/bytebuddy/byte-buddy/1.10.22/byte-buddy-1.10.22.jar:/Users/salk/code/repository/net/bytebuddy/byte-buddy-agent/1.10.22/byte-buddy-agent-1.10.22.jar:/Users/salk/code/repository/org/objenesis/objenesis/3.2/objenesis-3.2.jar:/Users/salk/code/repository/org/mockito/mockito-junit-jupiter/3.9.0/mockito-junit-jupiter-3.9.0.jar:/Users/salk/code/repository/org/skyscreamer/jsonassert/1.5.0/jsonassert-1.5.0.jar:/Users/salk/code/repository/com/vaadin/external/google/android-json/0.0.20131108.vaadin1/android-json-0.0.20131108.vaadin1.jar:/Users/salk/code/repository/org/springframework/spring-core/5.3.12/spring-core-5.3.12.jar:/Users/salk/code/repository/org/springframework/spring-jcl/5.3.12/spring-jcl-5.3.12.jar:/Users/salk/code/repository/org/springframework/spring-test/5.3.12/spring-test-5.3.12.jar:/Users/salk/code/repository/org/xmlunit/xmlunit-core/2.8.3/xmlunit-core-2.8.3.jar:/Users/salk/code/repository/org/springframework/amqp/spring-rabbit/2.0.8.RELEASE/spring-rabbit-2.0.8.RELEASE.jar:/Users/salk/code/repository/org/springframework/amqp/spring-amqp/2.3.11/spring-amqp-2.3.11.jar:/Users/salk/code/repository/org/springframework/retry/spring-retry/1.3.1/spring-retry-1.3.1.jar:/Users/salk/code/repository/com/rabbitmq/amqp-client/5.12.0/amqp-client-5.12.0.jar:/Users/salk/code/repository/com/rabbitmq/http-client/2.0.1.RELEASE/http-client-2.0.1.RELEASE.jar:/Users/salk/code/repository/org/springframework/spring-webflux/5.3.12/spring-webflux-5.3.12.jar:/Users/salk/code/repository/io/projectreactor/reactor-core/3.4.11/reactor-core-3.4.11.jar:/Users/salk/code/repository/org/reactivestreams/reactive-streams/1.0.3/reactive-streams-1.0.3.jar:/Users/salk/code/repository/org/apache/httpcomponents/httpclient/4.5.13/httpclient-4.5.13.jar:/Users/salk/code/repository/org/apache/httpcomponents/httpcore/4.4.14/httpcore-4.4.14.jar:/Users/salk/code/repository/commons-codec/commons-codec/1.15/commons-codec-1.15.jar:/Users/salk/code/repository/io/projectreactor/ipc/reactor-netty/0.7.1.RELEASE/reactor-netty-0.7.1.RELEASE.jar:/Users/salk/code/repository/io/netty/netty-codec-http/4.1.69.Final/netty-codec-http-4.1.69.Final.jar:/Users/salk/code/repository/io/netty/netty-common/4.1.69.Final/netty-common-4.1.69.Final.jar:/Users/salk/code/repository/io/netty/netty-buffer/4.1.69.Final/netty-buffer-4.1.69.Final.jar:/Users/salk/code/repository/io/netty/netty-transport/4.1.69.Final/netty-transport-4.1.69.Final.jar:/Users/salk/code/repository/io/netty/netty-codec/4.1.69.Final/netty-codec-4.1.69.Final.jar:/Users/salk/code/repository/io/netty/netty-handler/4.1.69.Final/netty-handler-4.1.69.Final.jar:/Users/salk/code/repository/io/netty/netty-resolver/4.1.69.Final/netty-resolver-4.1.69.Final.jar:/Users/salk/code/repository/io/netty/netty-handler-proxy/4.1.69.Final/netty-handler-proxy-4.1.69.Final.jar:/Users/salk/code/repository/io/netty/netty-codec-socks/4.1.69.Final/netty-codec-socks-4.1.69.Final.jar:/Users/salk/code/repository/io/netty/netty-transport-native-epoll/4.1.69.Final/netty-transport-native-epoll-4.1.69.Final.jar:/Users/salk/code/repository/io/netty/netty-transport-native-unix-common/4.1.69.Final/netty-transport-native-unix-common-4.1.69.Final.jar:/Users/salk/code/repository/org/springframework/spring-context/5.3.12/spring-context-5.3.12.jar:/Users/salk/code/repository/org/springframework/spring-messaging/5.3.12/spring-messaging-5.3.12.jar:/Users/salk/code/repository/org/springframework/spring-tx/5.3.12/spring-tx-5.3.12.jar:/Users/salk/code/repository/junit/junit/4.12/junit-4.12.jar:/Users/salk/code/repository/org/hamcrest/hamcrest-core/2.2/hamcrest-core-2.2.jar:/Users/salk/code/repository/org/springframework/boot/spring-boot-starter/2.5.6/spring-boot-starter-2.5.6.jar:/Users/salk/code/repository/org/springframework/boot/spring-boot/2.5.6/spring-boot-2.5.6.jar:/Users/salk/code/repository/org/springframework/boot/spring-boot-autoconfigure/2.5.6/spring-boot-autoconfigure-2.5.6.jar:/Users/salk/code/repository/org/springframework/boot/spring-boot-starter-logging/2.5.6/spring-boot-starter-logging-2.5.6.jar:/Users/salk/code/repository/ch/qos/logback/logback-classic/1.2.6/logback-classic-1.2.6.jar:/Users/salk/code/repository/ch/qos/logback/logback-core/1.2.6/logback-core-1.2.6.jar:/Users/salk/code/repository/org/apache/logging/log4j/log4j-to-slf4j/2.14.1/log4j-to-slf4j-2.14.1.jar:/Users/salk/code/repository/org/apache/logging/log4j/log4j-api/2.14.1/log4j-api-2.14.1.jar:/Users/salk/code/repository/org/slf4j/jul-to-slf4j/1.7.32/jul-to-slf4j-1.7.32.jar:/Users/salk/code/repository/jakarta/annotation/jakarta.annotation-api/1.3.5/jakarta.annotation-api-1.3.5.jar:/Users/salk/code/repository/org/yaml/snakeyaml/1.28/snakeyaml-1.28.jar:/Users/salk/code/repository/org/projectlombok/lombok/1.18.4/lombok-1.18.4.jar:"/>
    <property name="sun.cpu.endian" value="little"/>
    <property name="user.home" value="/Users/salk"/>
    <property name="user.language" value="zh"/>
    <property name="java.specification.vendor" value="Oracle Corporation"/>
    <property name="java.home" value="/Library/Java/JavaVirtualMachines/jdk1.8.0_231.jdk/Contents/Home/jre"/>
    <property name="basedir" value="/Users/salk/code/opensource/code-lib/rabbitmq/rabbitmq-spring"/>
    <property name="https.proxyHost" value="127.0.0.1"/>
    <property name="file.separator" value="/"/>
    <property name="line.separator" value="&#10;"/>
    <property name="java.vm.specification.vendor" value="Oracle Corporation"/>
    <property name="java.specification.name" value="Java Platform API Specification"/>
    <property name="java.awt.graphicsenv" value="sun.awt.CGraphicsEnvironment"/>
    <property name="surefire.real.class.path" value="/Users/salk/code/opensource/code-lib/rabbitmq/rabbitmq-spring/target/surefire/surefirebooter7188904445073470361.jar"/>
    <property name="sun.boot.class.path" value="/Library/Java/JavaVirtualMachines/jdk1.8.0_231.jdk/Contents/Home/jre/lib/resources.jar:/Library/Java/JavaVirtualMachines/jdk1.8.0_231.jdk/Contents/Home/jre/lib/rt.jar:/Library/Java/JavaVirtualMachines/jdk1.8.0_231.jdk/Contents/Home/jre/lib/sunrsasign.jar:/Library/Java/JavaVirtualMachines/jdk1.8.0_231.jdk/Contents/Home/jre/lib/jsse.jar:/Library/Java/JavaVirtualMachines/jdk1.8.0_231.jdk/Contents/Home/jre/lib/jce.jar:/Library/Java/JavaVirtualMachines/jdk1.8.0_231.jdk/Contents/Home/jre/lib/charsets.jar:/Library/Java/JavaVirtualMachines/jdk1.8.0_231.jdk/Contents/Home/jre/lib/jfr.jar:/Library/Java/JavaVirtualMachines/jdk1.8.0_231.jdk/Contents/Home/jre/classes"/>
    <property name="sun.management.compiler" value="HotSpot 64-Bit Tiered Compilers"/>
    <property name="java.runtime.version" value="1.8.0_231-b11"/>
    <property name="user.name" value="salk"/>
    <property name="path.separator" value=":"/>
    <property name="os.version" value="10.15.7"/>
    <property name="java.endorsed.dirs" value="/Library/Java/JavaVirtualMachines/jdk1.8.0_231.jdk/Contents/Home/jre/lib/endorsed"/>
    <property name="java.runtime.name" value="Java(TM) SE Runtime Environment"/>
    <property name="file.encoding" value="UTF-8"/>
    <property name="java.vm.name" value="Java HotSpot(TM) 64-Bit Server VM"/>
    <property name="localRepository" value="/Users/salk/code/repository"/>
    <property name="java.vendor.url.bug" value="http://bugreport.sun.com/bugreport/"/>
    <property name="java.io.tmpdir" value="/var/folders/z5/bx1dkk691fs0l7dpwy2x58zc0000gn/T/"/>
    <property name="java.version" value="1.8.0_231"/>
    <property name="user.dir" value="/Users/salk/code/opensource/code-lib/rabbitmq/rabbitmq-spring"/>
    <property name="os.arch" value="x86_64"/>
    <property name="socksProxyPort" value="1081"/>
    <property name="java.vm.specification.name" value="Java Virtual Machine Specification"/>
    <property name="java.awt.printerjob" value="sun.lwawt.macosx.CPrinterJob"/>
    <property name="sun.os.patch.level" value="unknown"/>
    <property name="java.library.path" value="/Users/salk/Library/Java/Extensions:/Library/Java/Extensions:/Network/Library/Java/Extensions:/System/Library/Java/Extensions:/usr/lib/java:."/>
    <property name="java.vm.info" value="mixed mode"/>
    <property name="java.vendor" value="Oracle Corporation"/>
    <property name="java.vm.version" value="25.231-b11"/>
    <property name="java.ext.dirs" value="/Users/salk/Library/Java/Extensions:/Library/Java/JavaVirtualMachines/jdk1.8.0_231.jdk/Contents/Home/jre/lib/ext:/Library/Java/Extensions:/Network/Library/Java/Extensions:/System/Library/Java/Extensions:/usr/lib/java"/>
    <property name="sun.io.unicode.encoding" value="UnicodeBig"/>
    <property name="java.class.version" value="52.0"/>
    <property name="http.proxyPort" value="8001"/>
  </properties>
  <testcase name="com.salk.lib.rabbitmq.spring.TulingvipRabbitmqSpringwithrabbitmqApplicationTests" classname="com.salk.lib.rabbitmq.spring.TulingvipRabbitmqSpringwithrabbitmqApplicationTests" time="0.376">
    <error message="Unable to find a @SpringBootConfiguration, you need to use @ContextConfiguration or @SpringBootTest(classes=...) with your test" type="java.lang.IllegalStateException">java.lang.IllegalStateException: Unable to find a @SpringBootConfiguration, you need to use @ContextConfiguration or @SpringBootTest(classes=...) with your test
</error>
    <system-out><![CDATA[13:46:57.746 [main] DEBUG org.springframework.test.context.BootstrapUtils - Instantiating CacheAwareContextLoaderDelegate from class [org.springframework.test.context.cache.DefaultCacheAwareContextLoaderDelegate]
13:46:57.769 [main] DEBUG org.springframework.test.context.BootstrapUtils - Instantiating BootstrapContext using constructor [public org.springframework.test.context.support.DefaultBootstrapContext(java.lang.Class,org.springframework.test.context.CacheAwareContextLoaderDelegate)]
13:46:57.817 [main] DEBUG org.springframework.test.context.BootstrapUtils - Instantiating TestContextBootstrapper for test class [com.salk.lib.rabbitmq.spring.TulingvipRabbitmqSpringwithrabbitmqApplicationTests] from class [org.springframework.boot.test.context.SpringBootTestContextBootstrapper]
13:46:57.834 [main] INFO org.springframework.boot.test.context.SpringBootTestContextBootstrapper - Neither @ContextConfiguration nor @ContextHierarchy found for test class [com.salk.lib.rabbitmq.spring.TulingvipRabbitmqSpringwithrabbitmqApplicationTests], using SpringBootContextLoader
13:46:57.839 [main] DEBUG org.springframework.test.context.support.AbstractContextLoader - Did not detect default resource location for test class [com.salk.lib.rabbitmq.spring.TulingvipRabbitmqSpringwithrabbitmqApplicationTests]: class path resource [com/salk/lib/rabbitmq/spring/TulingvipRabbitmqSpringwithrabbitmqApplicationTests-context.xml] does not exist
13:46:57.839 [main] DEBUG org.springframework.test.context.support.AbstractContextLoader - Did not detect default resource location for test class [com.salk.lib.rabbitmq.spring.TulingvipRabbitmqSpringwithrabbitmqApplicationTests]: class path resource [com/salk/lib/rabbitmq/spring/TulingvipRabbitmqSpringwithrabbitmqApplicationTestsContext.groovy] does not exist
13:46:57.841 [main] INFO org.springframework.test.context.support.AbstractContextLoader - Could not detect default resource locations for test class [com.salk.lib.rabbitmq.spring.TulingvipRabbitmqSpringwithrabbitmqApplicationTests]: no resource found for suffixes {-context.xml, Context.groovy}.
13:46:57.843 [main] INFO org.springframework.test.context.support.AnnotationConfigContextLoaderUtils - Could not detect default configuration classes for test class [com.salk.lib.rabbitmq.spring.TulingvipRabbitmqSpringwithrabbitmqApplicationTests]: TulingvipRabbitmqSpringwithrabbitmqApplicationTests does not declare any static, non-private, non-final, nested classes annotated with @Configuration.
13:46:57.921 [main] DEBUG org.springframework.test.context.support.ActiveProfilesUtils - Could not find an 'annotation declaring class' for annotation type [org.springframework.test.context.ActiveProfiles] and class [com.salk.lib.rabbitmq.spring.TulingvipRabbitmqSpringwithrabbitmqApplicationTests]
]]></system-out>
  </testcase>
</testsuite>